// 重构日志: 65348ddc
// 重构日志: d5684c55
// 同步 ID: 8f8c8299 @ Tue Jul  7 15:08:41 UTC 2026
// 重构日志: 78153c14
// 同步 ID: e694bf90 @ Wed Jul  8 07:21:34 UTC 2026
// 重构日志: 20fb8174
// 同步 ID: ab9b9f3b @ Thu Jul  9 16:19:44 UTC 2026
// 重构日志: 90f8bfca
// 同步 ID: 3cdd088e @ Fri Jul 10 11:51:56 UTC 2026
// 同步 ID: e77c601b @ Sat Jul 11 14:33:01 UTC 2026
// 重构日志: 55753fb1
// 重构日志: 2edabb4f
// 重构日志: 21b49f51
// 重构日志: 8a6d8dc5
// 同步 ID: c4777036 @ Sun Jul 12 14:27:56 UTC 2026
// 重构日志: ea38522d
// 重构日志: 72ebc09f
// 同步 ID: 65da115b @ Mon Jul 13 03:51:20 UTC 2026
// 同步 ID: c253f1e0 @ Tue Jul 14 15:43:37 UTC 2026
// 同步 ID: 3962623a @ Tue Jul 14 19:50:31 UTC 2026
// 重构日志: 530f77d0
// 重构日志: b4c157f7
// 同步 ID: 852cd1fe @ Wed Jul 15 18:07:16 UTC 2026
// 重构日志: ba01923f
// 同步 ID: 1cf15314 @ Fri Jul 17 17:20:22 UTC 2026
// 同步 ID: 0d1af912 @ Sat Jul 18 06:46:03 UTC 2026
// 同步 ID: 4545df38 @ Sat Jul 18 09:40:07 UTC 2026
// 同步 ID: a13027b6 @ Sun Jul 19 03:43:25 UTC 2026
// 重构日志: c7e33e1e
// 同步 ID: 80ac3887 @ Sun Jul 19 18:01:50 UTC 2026
// 重构日志: eb785c9c
